<?xml version="1.0" encoding="UTF-8" ?>
<testsuites>
  <testsuite errors="0" failures="0" hostname="SCAI-THINKPAD" id="0" name="StatusIntegrationTests" package="arcade" tests="1" time="0.233" timestamp="2011-03-23T00:37:31">
      <properties />

      <testcase classname="arcade.StatusIntegrationTests" name="testSomething" time="0.232" />

      <system-out><![CDATA[--Output from testSomething--
]]></system-out>

      <system-err><![CDATA[--Output from testSomething--
]]></system-err>

  </testsuite>
  <testsuite errors="0" failures="0" hostname="SCAI-THINKPAD" id="1" name="HomeControllerTests" package="arcade" tests="1" time="0.023" timestamp="2011-03-23T00:37:22">
      <properties />

      <testcase classname="arcade.HomeControllerTests" name="testSomething" time="0.018" />

      <system-out><![CDATA[--Output from testSomething--
]]></system-out>

      <system-err><![CDATA[--Output from testSomething--
]]></system-err>

  </testsuite>
  <testsuite errors="0" failures="0" hostname="SCAI-THINKPAD" id="2" name="StatusControllerTests" package="arcade" tests="1" time="0.021" timestamp="2011-03-23T00:37:22">
      <properties />

      <testcase classname="arcade.StatusControllerTests" name="testSomething" time="0.018" />

      <system-out><![CDATA[--Output from testSomething--
]]></system-out>

      <system-err><![CDATA[--Output from testSomething--
]]></system-err>

  </testsuite>
  <testsuite errors="0" failures="0" hostname="SCAI-THINKPAD" id="3" name="StatusServiceTests" package="arcade" tests="1" time="0.0090" timestamp="2011-03-23T00:37:22">
      <properties />

      <testcase classname="arcade.StatusServiceTests" name="testSomething" time="0.0060" />

      <system-out><![CDATA[--Output from testSomething--
]]></system-out>

      <system-err><![CDATA[--Output from testSomething--
]]></system-err>

  </testsuite>
  <testsuite errors="0" failures="0" hostname="SCAI-THINKPAD" id="4" name="StatusTests" package="arcade" tests="1" time="0.0050" timestamp="2011-03-23T00:37:23">
      <properties />

      <testcase classname="arcade.StatusTests" name="testSomething" time="0.0030" />

      <system-out><![CDATA[--Output from testSomething--
]]></system-out>

      <system-err><![CDATA[--Output from testSomething--
]]></system-err>

  </testsuite>
  <testsuite errors="0" failures="0" hostname="SCAI-THINKPAD" id="5" name="UserControllerTests" package="arcade.access" tests="1" time="0.743" timestamp="2011-03-23T00:37:22">
      <properties />

      <testcase classname="arcade.access.UserControllerTests" name="testSomething" time="0.728" />

      <system-out><![CDATA[--Output from testSomething--
]]></system-out>

      <system-err><![CDATA[--Output from testSomething--
]]></system-err>

  </testsuite>
  <testsuite errors="0" failures="0" hostname="SCAI-THINKPAD" id="6" name="UserTests" package="arcade.access" tests="1" time="0.012" timestamp="2011-03-23T00:37:22">
      <properties />

      <testcase classname="arcade.access.UserTests" name="testSomething" time="0.0020" />

      <system-out><![CDATA[--Output from testSomething--
]]></system-out>

      <system-err><![CDATA[--Output from testSomething--
]]></system-err>

  </testsuite>
</testsuites>
